2019-02-24 17:42:59.370 Register.exe Register Start  
2019-02-24 17:43:00.072 Register.exe LicenseTrail=3  
2019-02-24 17:43:13.488 Register.exe Register Start  
2019-02-24 17:43:13.893 Register.exe LicenseTrail=3  
2019-02-24 17:43:13.940 Register.exe Register Exit  
2019-02-24 17:43:18.293 Register.exe ActivateClick Start  
2019-02-24 17:43:18.324 Register.exe ActivateCode start  
2019-02-24 17:43:18.324 Register.exe CodeTemp=7BC09-96375-90E61-0A054  
2019-02-24 17:43:18.324 Register.exe ActivateCode 1  
2019-02-24 17:43:18.324 Register.exe CheckCodeLocal=0  
2019-02-24 17:43:18.324 Register.exe Line start  
2019-02-24 17:43:19.400 Register.exe Line:Thread return  
2019-02-24 17:43:19.400 Register.exe ActiveCode CheckThread SetTaskInfo 1  
2019-02-24 17:43:19.447 Register.exe ActiveCode CheckThread SetTaskInfo 2  
2019-02-24 17:43:19.447 Register.exe ActiveCode CheckThread SetTaskInfo 4  
2019-02-24 17:43:19.494 Register.exe Line end CheckRes:0,Result=0  
2019-02-24 17:43:19.494 Register.exe Line end CheckRes Terminate  
2019-02-24 17:43:19.494 Register.exe ActivateCode Result=0  
2019-02-24 17:43:25.749 Register.exe Register Start  
2019-02-24 17:43:26.077 Register.exe LicenseTrail=0  
2019-02-24 17:46:15.675 Register.exe Register Start  
2019-02-24 17:46:15.987 Register.exe LicenseTrail=0  
2019-02-24 17:48:31.429 Register.exe Register Start  
2019-02-24 17:48:31.788 Register.exe LicenseTrail=0  
